<?xml version="1.0" encoding="UTF-8"?>
<!-- Generated by org.testng.reporters.JUnitReportReporter -->
<testsuite skipped="7" hostname="localhost" name="com.uxin.usedcar.testCase.SellCarTest" tests="8" failures="0" timestamp="07 Apr 2018 15:23:01 GMT" time="28.868" errors="1">
  <testcase name="test_3001_YYMC" time="0.000" classname="com.uxin.usedcar.testCase.SellCarTest">
    <skipped/>
  </testcase> <!-- test_3001_YYMC -->
  <testcase name="test_3007_CJJL" time="0.000" classname="com.uxin.usedcar.testCase.SellCarTest">
    <skipped/>
  </testcase> <!-- test_3007_CJJL -->
  <testcase name="test_3004_MCGJ" time="0.000" classname="com.uxin.usedcar.testCase.SellCarTest">
    <skipped/>
  </testcase> <!-- test_3004_MCGJ -->
  <testcase name="test_3005_GJTJ" time="0.000" classname="com.uxin.usedcar.testCase.SellCarTest">
    <skipped/>
  </testcase> <!-- test_3005_GJTJ -->
  <testcase name="test_3006_YYMC" time="0.000" classname="com.uxin.usedcar.testCase.SellCarTest">
    <skipped/>
  </testcase> <!-- test_3006_YYMC -->
  <testcase name="setUp" time="28.868" classname="com.uxin.usedcar.testCase.SellCarTest">
    <error type="org.openqa.selenium.SessionNotCreatedException" message="Unable to create new remote session. desired capabilities = Capabilities [{preventWDAAttachments=true, simpleIsVisibleCheck=true, noReset=true, clearSystemFiles=true, xcodeOrgId=9H4SUA4596, bundleId=com.autounion.usedcar, deviceName=iPhone, launchTimeout=60000, xcodeSigningId=iPhone Developer, wdaLocalPort=2770, logTimestamp=true, newCommandTimeout=0, automationName=XCUITest, useNewWDA=true, platformName=iOS, udid=4df9b6366f9950f6ae7c73e81a776493cc9021d5}], required capabilities = Capabilities [{}]
Build info: version: &#039;3.4.0&#039;, revision: &#039;unknown&#039;, time: &#039;unknown&#039;
System info: host: &#039;localhost&#039;, ip: &#039;fe80:0:0:0:8a8:f14a:9888:3541%en0&#039;, os.name: &#039;Mac OS X&#039;, os.arch: &#039;x86_64&#039;, os.version: &#039;10.13.4&#039;, java.version: &#039;1.8.0_65&#039;
Driver info: driver.version: IOSDriver">
      <![CDATA[org.openqa.selenium.SessionNotCreatedException: Unable to create new remote session. desired capabilities = Capabilities [{preventWDAAttachments=true, simpleIsVisibleCheck=true, noReset=true, clearSystemFiles=true, xcodeOrgId=9H4SUA4596, bundleId=com.autounion.usedcar, deviceName=iPhone, launchTimeout=60000, xcodeSigningId=iPhone Developer, wdaLocalPort=2770, logTimestamp=true, newCommandTimeout=0, automationName=XCUITest, useNewWDA=true, platformName=iOS, udid=4df9b6366f9950f6ae7c73e81a776493cc9021d5}], required capabilities = Capabilities [{}]
Build info: version: '3.4.0', revision: 'unknown', time: 'unknown'
System info: host: 'localhost', ip: 'fe80:0:0:0:8a8:f14a:9888:3541%en0', os.name: 'Mac OS X', os.arch: 'x86_64', os.version: '10.13.4', java.version: '1.8.0_65'
Driver info: driver.version: IOSDriver
	at io.appium.java_client.remote.AppiumProtocolHandShake.lambda$1(AppiumProtocolHandShake.java:96)
	at java.util.Optional.orElseThrow(Optional.java:290)
	at io.appium.java_client.remote.AppiumProtocolHandShake.createSession(AppiumProtocolHandShake.java:96)
	at io.appium.java_client.remote.AppiumCommandExecutor.doExecute(AppiumCommandExecutor.java:111)
	at io.appium.java_client.remote.AppiumCommandExecutor.execute(AppiumCommandExecutor.java:162)
	at org.openqa.selenium.remote.RemoteWebDriver.execute(RemoteWebDriver.java:637)
	at io.appium.java_client.DefaultGenericMobileDriver.execute(DefaultGenericMobileDriver.java:42)
	at io.appium.java_client.AppiumDriver.execute(AppiumDriver.java:1)
	at io.appium.java_client.ios.IOSDriver.execute(IOSDriver.java:1)
	at org.openqa.selenium.remote.RemoteWebDriver.startSession(RemoteWebDriver.java:250)
	at org.openqa.selenium.remote.RemoteWebDriver.startSession(RemoteWebDriver.java:236)
	at org.openqa.selenium.remote.RemoteWebDriver.<init>(RemoteWebDriver.java:137)
	at io.appium.java_client.DefaultGenericMobileDriver.<init>(DefaultGenericMobileDriver.java:38)
	at io.appium.java_client.AppiumDriver.<init>(AppiumDriver.java:88)
	at io.appium.java_client.AppiumDriver.<init>(AppiumDriver.java:112)
	at io.appium.java_client.ios.IOSDriver.<init>(IOSDriver.java:78)
	at com.uxin.usedcar.test.libs.BaseTest.setUp(BaseTest.java:132)
	at sun.reflect.NativeMethodAccessorImpl.invoke0(Native Method)
	at sun.reflect.NativeMethodAccessorImpl.invoke(NativeMethodAccessorImpl.java:62)
	at sun.reflect.DelegatingMethodAccessorImpl.invoke(DelegatingMethodAccessorImpl.java:43)
	at java.lang.reflect.Method.invoke(Method.java:497)
	at org.testng.internal.MethodInvocationHelper.invokeMethod(MethodInvocationHelper.java:108)
	at org.testng.internal.Invoker.invokeConfigurationMethod(Invoker.java:523)
	at org.testng.internal.Invoker.invokeConfigurations(Invoker.java:224)
	at org.testng.internal.Invoker.invokeMethod(Invoker.java:599)
	at org.testng.internal.Invoker.invokeTestMethod(Invoker.java:869)
	at org.testng.internal.Invoker.invokeTestMethods(Invoker.java:1193)
	at org.testng.internal.TestMethodWorker.invokeTestMethods(TestMethodWorker.java:126)
	at org.testng.internal.TestMethodWorker.run(TestMethodWorker.java:109)
	at org.testng.TestRunner.privateRun(TestRunner.java:744)
	at org.testng.TestRunner.run(TestRunner.java:602)
	at org.testng.SuiteRunner.runTest(SuiteRunner.java:380)
	at org.testng.SuiteRunner.runSequentially(SuiteRunner.java:375)
	at org.testng.SuiteRunner.privateRun(SuiteRunner.java:340)
	at org.testng.SuiteRunner.run(SuiteRunner.java:289)
	at org.testng.SuiteRunnerWorker.runSuite(SuiteRunnerWorker.java:52)
	at org.testng.SuiteRunnerWorker.run(SuiteRunnerWorker.java:86)
	at org.testng.TestNG.runSuitesSequentially(TestNG.java:1301)
	at org.testng.TestNG.runSuitesLocally(TestNG.java:1226)
	at org.testng.TestNG.runSuites(TestNG.java:1144)
	at org.testng.TestNG.run(TestNG.java:1115)
	at org.testng.remote.AbstractRemoteTestNG.run(AbstractRemoteTestNG.java:114)
	at org.testng.remote.RemoteTestNG.initAndRun(RemoteTestNG.java:251)
	at org.testng.remote.RemoteTestNG.main(RemoteTestNG.java:77)
]]>
    </error>
  </testcase> <!-- setUp -->
  <testcase name="test_3003_MFZX" time="0.000" classname="com.uxin.usedcar.testCase.SellCarTest">
    <skipped/>
  </testcase> <!-- test_3003_MFZX -->
  <testcase name="test_3002_YCJL" time="0.000" classname="com.uxin.usedcar.testCase.SellCarTest">
    <skipped/>
  </testcase> <!-- test_3002_YCJL -->
</testsuite> <!-- com.uxin.usedcar.testCase.SellCarTest -->
